<?xml version="1.0" encoding="UTF-8"?>
<!-- Generated by org.testng.reporters.JUnitReportReporter -->
<testsuite hostname="DESKTOP-H0PI4DT" failures="0" tests="1" name="rutoExample.NOPCommLogin" time="0.421" errors="0" timestamp="2023-03-01T09:57:23 IST" skipped="0">
  <testcase classname="rutoExample.NOPCommLogin" name="login" time="0.421"/>
  <system-out/>
</testsuite> <!-- rutoExample.NOPCommLogin -->
