<?xml version="1.0" encoding="UTF-8"?>
<!-- Generated by org.testng.reporters.JUnitReportReporter -->
<testsuite hostname="DESKTOP-H0PI4DT" failures="0" tests="1" name="screenshotExample.AmazonExample" time="7.709" errors="0" timestamp="2023-02-27T10:19:27 IST" skipped="0">
  <testcase classname="screenshotExample.AmazonExample" name="serachItems" time="7.709"/>
  <system-out/>
</testsuite> <!-- screenshotExample.AmazonExample -->
