<?xml version="1.0" encoding="UTF-8"?>
<!-- Generated by org.testng.reporters.JUnitReportReporter -->
<testsuite hostname="DESKTOP-QNHJ5Q7" failures="0" tests="4" name="dataDrivenTest.NOPCommLogin" time="52.812" errors="0" timestamp="2023-03-09T20:30:24 PST" skipped="0">
  <testcase classname="dataDrivenTest.NOPCommLogin" name="verifyLoginFeatureWithInValidCred" time="12.923"/>
  <testcase classname="dataDrivenTest.NOPCommLogin" name="verifyLoginFeatureWithInValidCred" time="12.878"/>
  <testcase classname="dataDrivenTest.NOPCommLogin" name="verifyLoginFeatureWithInValidCred" time="12.858"/>
  <testcase classname="dataDrivenTest.NOPCommLogin" name="verifyLoginFeatureWithInValidCred" time="14.153"/>
</testsuite> <!-- dataDrivenTest.NOPCommLogin -->
