<?xml version="1.0" encoding="UTF-8"?>
<!-- Generated by org.testng.reporters.JUnitReportReporter -->
<testsuite hostname="DESKTOP-QNHJ5Q7" failures="0" tests="1" name="logExample.NOPComm_LogExample" time="12.720" errors="0" timestamp="2023-03-09T20:35:21 PST" skipped="0">
  <testcase classname="logExample.NOPComm_LogExample" name="serachItems" time="12.720"/>
</testsuite> <!-- logExample.NOPComm_LogExample -->
